<?xml version="1.0" encoding="UTF-8"?>
<testsuite xmlns:xsi="http://www.w3.org/2001/XMLSchema-instance" xsi:noNamespaceSchemaLocation="https://maven.apache.org/surefire/maven-surefire-plugin/xsd/surefire-test-report.xsd" name="sets.SetOfNaturalsTest" time="0.012" tests="12" errors="0" skipped="0" failures="0">
  <properties>
[...]
</properties>
  <testcase name="testNegativeElementsFromArray" classname="sets.SetOfNaturalsTest" time="0"/>
  <testcase name="testNoIntersectForIntersection" classname="sets.SetOfNaturalsTest" time="0"/>
  <testcase name="testAddDuplicateElement" classname="sets.SetOfNaturalsTest" time="0"/>
  <testcase name="testSizeAfterAddElement" classname="sets.SetOfNaturalsTest" time="0"/>
  <testcase name="testAddElement" classname="sets.SetOfNaturalsTest" time="0"/>
  <testcase name="testAddNegativeElement" classname="sets.SetOfNaturalsTest" time="0.008"/>
  <testcase name="testSizeSetFromArray" classname="sets.SetOfNaturalsTest" time="0"/>
  <testcase name="testAddBadArray" classname="sets.SetOfNaturalsTest" time="0"/>
  <testcase name="testAddDuplicateElementInArray" classname="sets.SetOfNaturalsTest" time="0"/>
  <testcase name="testIntersectForNoIntersection" classname="sets.SetOfNaturalsTest" time="0"/>
  <testcase name="testSizeAfterAddArray" classname="sets.SetOfNaturalsTest" time="0.001"/>
  <testcase name="testDuplicateElementsFromArray" classname="sets.SetOfNaturalsTest" time="0.001"/>
</testsuite>