<?xml version="1.0" encoding="UTF-8"?>
<testsuite xmlns:xsi="http://www.w3.org/2001/XMLSchema-instance" xsi:noNamespaceSchemaLocation="https://maven.apache.org/surefire/maven-surefire-plugin/xsd/surefire-test-report.xsd" name="stack.TqsStackTest" time="0.053" tests="9" errors="0" skipped="0" failures="0">
  <properties>
[...]
</properties>
  <testcase name="testStackSizeAfterNPush" classname="stack.TqsStackTest" time="0.03"/>
  <testcase name="testPushOnFullStack" classname="stack.TqsStackTest" time="0.002"/>
  <testcase name="testStackValuePopped" classname="stack.TqsStackTest" time="0.002"/>
  <testcase name="testPopOnEmptyStack" classname="stack.TqsStackTest" time="0.001"/>
  <testcase name="testStackValuePeekedSize" classname="stack.TqsStackTest" time="0.001"/>
  <testcase name="testStackSizeZero" classname="stack.TqsStackTest" time="0.001"/>
  <testcase name="testStackIsEmptySizeZeroNPop" classname="stack.TqsStackTest" time="0.002"/>
  <testcase name="testPeekOnEmptyStack" classname="stack.TqsStackTest" time="0.001"/>
  <testcase name="testStackIsEmpty" classname="stack.TqsStackTest" time="0.001"/>
</testsuite>