<?xml version="1.0" encoding="UTF-8"?>
<testsuite xmlns:xsi="http://www.w3.org/2001/XMLSchema-instance" xsi:noNamespaceSchemaLocation="https://maven.apache.org/surefire/maven-surefire-plugin/xsd/surefire-test-report.xsd" name="SampleTest.BlazeTestTest" time="0.003" tests="1" errors="1" skipped="0" failures="0">
  <properties>
[...]
</properties>
  <testcase name="blazeTest" classname="SampleTest.BlazeTestTest" time="0.003">
    <error type="java.lang.NullPointerException">java.lang.NullPointerException
	at SampleTest.BlazeTestTest.blazeTest(BlazeTestTest.java:50)
</error>
  </testcase>
</testsuite>